<?xml version="1.0" encoding="UTF-8"?>
<!-- Generated by org.testng.reporters.JUnitReportReporter -->
<testsuite hostname="Rama" name="test.TC001_LoginPage" tests="1" failures="0" timestamp="25 Nov 2024 17:45:37 GMT" time="29.583" errors="0">
  <testcase name="loginTest" time="29.583" classname="test.TC001_LoginPage"/>
</testsuite> <!-- test.TC001_LoginPage -->
