<?xml version="1.0" encoding="UTF-8"?>
<!-- Generated by org.testng.reporters.JUnitReportReporter -->
<testsuite hostname="Rama" name="test.TC004_CheckIn" tests="1" failures="0" timestamp="30 Nov 2024 14:28:31 GMT" time="13.623" errors="0">
  <testcase name="checkIN" time="13.623" classname="test.TC004_CheckIn"/>
</testsuite> <!-- test.TC004_CheckIn -->
