<?xml version="1.0" encoding="UTF-8"?>
<!-- Generated by org.testng.reporters.JUnitReportReporter -->
<testsuite hostname="Rama" name="test.TC005_FlightStatus" tests="1" failures="0" timestamp="12 Dec 2024 16:07:44 GMT" time="14.167" errors="0">
  <testcase name="flightStatus" time="14.167" classname="test.TC005_FlightStatus"/>
</testsuite> <!-- test.TC005_FlightStatus -->
