<?xml version="1.0" encoding="UTF-8"?>
<!-- Generated by org.testng.reporters.JUnitReportReporter -->
<testsuite hostname="Rama" name="test.TC003_OneWayTrip" tests="1" failures="0" timestamp="12 Dec 2024 16:50:55 GMT" time="16.168" errors="0">
  <testcase name="oneWayTest" time="16.168" classname="test.TC003_OneWayTrip"/>
</testsuite> <!-- test.TC003_OneWayTrip -->
