<?xml version="1.0" encoding="UTF-8"?>
<!-- Generated by org.testng.reporters.JUnitReportReporter -->
<testsuite hostname="Rama" name="test.TC006_ManageBooking" tests="1" failures="0" timestamp="12 Dec 2024 16:07:44 GMT" time="13.034" errors="0">
  <testcase name="manageBooking" time="13.034" classname="test.TC006_ManageBooking"/>
</testsuite> <!-- test.TC006_ManageBooking -->
