<?xml version="1.0" encoding="UTF-8"?>
<!-- Generated by org.testng.reporters.JUnitReportReporter -->
<testsuite hostname="Rama" name="test.TC007_RoundTrip" tests="1" failures="0" timestamp="15 Dec 2024 15:11:25 GMT" time="42.739" errors="0">
  <testcase name="roundTripTest" time="42.739" classname="test.TC007_RoundTrip"/>
</testsuite> <!-- test.TC007_RoundTrip -->
