<?xml version="1.0" encoding="UTF-8"?>
<!-- Generated by org.testng.reporters.JUnitReportReporter -->
<testsuite hostname="Rama" name="test.TC003_OneWayTrip" tests="1" failures="0" timestamp="15 Dec 2024 15:11:25 GMT" time="38.650" errors="0">
  <testcase name="oneWayTest" time="38.650" classname="test.TC003_OneWayTrip"/>
</testsuite> <!-- test.TC003_OneWayTrip -->
