<?xml version="1.0" encoding="UTF-8"?>
<!-- Generated by org.testng.reporters.JUnitReportReporter -->
<testsuite hostname="Rama" name="test.TC004_CheckIn" tests="1" failures="0" timestamp="15 Dec 2024 15:11:25 GMT" time="11.719" errors="0">
  <testcase name="checkIN" time="11.719" classname="test.TC004_CheckIn"/>
</testsuite> <!-- test.TC004_CheckIn -->
