<?xml version="1.0" encoding="UTF-8"?>
<!-- Generated by org.testng.reporters.JUnitReportReporter -->
<testsuite hostname="Rama" name="test.TC006_ManageBooking" tests="1" failures="0" timestamp="10 Dec 2024 15:19:14 GMT" time="3.287" errors="0">
  <testcase name="manageBooking" time="3.287" classname="test.TC006_ManageBooking"/>
</testsuite> <!-- test.TC006_ManageBooking -->
