<?xml version="1.0" encoding="UTF-8"?>
<!-- Generated by org.testng.reporters.JUnitReportReporter -->
<testsuite hostname="Rama" name="test.TC005_FlightStatus" tests="1" failures="0" timestamp="10 Dec 2024 15:19:14 GMT" time="4.315" errors="0">
  <testcase name="flightStatus" time="4.315" classname="test.TC005_FlightStatus"/>
</testsuite> <!-- test.TC005_FlightStatus -->
