<?xml version="1.0" encoding="UTF-8"?>
<!-- Generated by org.testng.reporters.JUnitReportReporter -->
<testsuite hostname="Rama" name="test.TC006_ManageBooking" tests="1" failures="0" timestamp="15 Dec 2024 15:11:25 GMT" time="17.811" errors="0">
  <testcase name="manageBooking" time="17.811" classname="test.TC006_ManageBooking"/>
</testsuite> <!-- test.TC006_ManageBooking -->
