<?xml version="1.0" encoding="UTF-8"?>
<!-- Generated by org.testng.reporters.JUnitReportReporter -->
<testsuite hostname="Rama" name="test.TC002_LoginPage" tests="1" failures="0" timestamp="26 Nov 2024 16:19:49 GMT" time="24.981" errors="0">
  <testcase name="loginTest" time="24.981" classname="test.TC002_LoginPage"/>
</testsuite> <!-- test.TC002_LoginPage -->
